2015-11-06 07:36:33 Notice: Deprecated (16384): Property $layout is deprecated. Use $this->viewBuilder()->layout() instead in beforeRender(). in [C:\xampp\htdocs\assignment\vendor\cakephp\cakephp\src\View\ViewVarsTrait.php, line 98]
Trace:
Cake\Error\BaseErrorHandler::handleError() - CORE\src\Error\BaseErrorHandler.php, line 139
Cake\Controller\Controller::createView() - CORE\src\View\ViewVarsTrait.php, line 98
Cake\Controller\Controller::render() - CORE\src\Controller\Controller.php, line 597
Cake\Routing\Dispatcher::_invoke() - CORE\src\Routing\Dispatcher.php, line 120
Cake\Routing\Dispatcher::dispatch() - CORE\src\Routing\Dispatcher.php, line 87
[main] - ROOT\webroot\index.php, line 37



2015-11-06 07:48:29 Notice: Deprecated (16384): Property $layout is deprecated. Use $this->viewBuilder()->layout() instead in beforeRender(). in [C:\xampp\htdocs\assignment\vendor\cakephp\cakephp\src\View\ViewVarsTrait.php, line 98]
Trace:
Cake\Error\BaseErrorHandler::handleError() - CORE\src\Error\BaseErrorHandler.php, line 139
Cake\Controller\Controller::createView() - CORE\src\View\ViewVarsTrait.php, line 98
Cake\Controller\Controller::render() - CORE\src\Controller\Controller.php, line 597
Cake\Routing\Dispatcher::_invoke() - CORE\src\Routing\Dispatcher.php, line 120
Cake\Routing\Dispatcher::dispatch() - CORE\src\Routing\Dispatcher.php, line 87
[main] - ROOT\webroot\index.php, line 37



2015-11-06 07:49:07 Notice: Deprecated (16384): Property $layout is deprecated. Use $this->viewBuilder()->layout() instead in beforeRender(). in [C:\xampp\htdocs\assignment\vendor\cakephp\cakephp\src\View\ViewVarsTrait.php, line 98]
Trace:
Cake\Error\BaseErrorHandler::handleError() - CORE\src\Error\BaseErrorHandler.php, line 139
Cake\Controller\Controller::createView() - CORE\src\View\ViewVarsTrait.php, line 98
Cake\Controller\Controller::render() - CORE\src\Controller\Controller.php, line 597
Cake\Routing\Dispatcher::_invoke() - CORE\src\Routing\Dispatcher.php, line 120
Cake\Routing\Dispatcher::dispatch() - CORE\src\Routing\Dispatcher.php, line 87
[main] - ROOT\webroot\index.php, line 37



2015-11-06 07:49:12 Notice: Deprecated (16384): Property $layout is deprecated. Use $this->viewBuilder()->layout() instead in beforeRender(). in [C:\xampp\htdocs\assignment\vendor\cakephp\cakephp\src\View\ViewVarsTrait.php, line 98]
Trace:
Cake\Error\BaseErrorHandler::handleError() - CORE\src\Error\BaseErrorHandler.php, line 139
Cake\Controller\Controller::createView() - CORE\src\View\ViewVarsTrait.php, line 98
Cake\Controller\Controller::render() - CORE\src\Controller\Controller.php, line 597
Cake\Routing\Dispatcher::_invoke() - CORE\src\Routing\Dispatcher.php, line 120
Cake\Routing\Dispatcher::dispatch() - CORE\src\Routing\Dispatcher.php, line 87
[main] - ROOT\webroot\index.php, line 37



2015-11-06 07:49:16 Notice: Deprecated (16384): Property $layout is deprecated. Use $this->viewBuilder()->layout() instead in beforeRender(). in [C:\xampp\htdocs\assignment\vendor\cakephp\cakephp\src\View\ViewVarsTrait.php, line 98]
Trace:
Cake\Error\BaseErrorHandler::handleError() - CORE\src\Error\BaseErrorHandler.php, line 139
Cake\Controller\Controller::createView() - CORE\src\View\ViewVarsTrait.php, line 98
Cake\Controller\Controller::render() - CORE\src\Controller\Controller.php, line 597
Cake\Routing\Dispatcher::_invoke() - CORE\src\Routing\Dispatcher.php, line 120
Cake\Routing\Dispatcher::dispatch() - CORE\src\Routing\Dispatcher.php, line 87
[main] - ROOT\webroot\index.php, line 37



2015-11-06 07:49:55 Notice: Deprecated (16384): Property $layout is deprecated. Use $this->viewBuilder()->layout() instead in beforeRender(). in [C:\xampp\htdocs\assignment\vendor\cakephp\cakephp\src\View\ViewVarsTrait.php, line 98]
Trace:
Cake\Error\BaseErrorHandler::handleError() - CORE\src\Error\BaseErrorHandler.php, line 139
Cake\Controller\Controller::createView() - CORE\src\View\ViewVarsTrait.php, line 98
Cake\Controller\Controller::render() - CORE\src\Controller\Controller.php, line 597
Cake\Routing\Dispatcher::_invoke() - CORE\src\Routing\Dispatcher.php, line 120
Cake\Routing\Dispatcher::dispatch() - CORE\src\Routing\Dispatcher.php, line 87
[main] - ROOT\webroot\index.php, line 37



2015-11-06 07:50:11 Notice: Deprecated (16384): Property $layout is deprecated. Use $this->viewBuilder()->layout() instead in beforeRender(). in [C:\xampp\htdocs\assignment\vendor\cakephp\cakephp\src\View\ViewVarsTrait.php, line 98]
Trace:
Cake\Error\BaseErrorHandler::handleError() - CORE\src\Error\BaseErrorHandler.php, line 139
Cake\Controller\Controller::createView() - CORE\src\View\ViewVarsTrait.php, line 98
Cake\Controller\Controller::render() - CORE\src\Controller\Controller.php, line 597
Cake\Routing\Dispatcher::_invoke() - CORE\src\Routing\Dispatcher.php, line 120
Cake\Routing\Dispatcher::dispatch() - CORE\src\Routing\Dispatcher.php, line 87
[main] - ROOT\webroot\index.php, line 37



2015-11-06 07:53:51 Notice: Deprecated (16384): Property $layout is deprecated. Use $this->viewBuilder()->layout() instead in beforeRender(). in [C:\xampp\htdocs\assignment\vendor\cakephp\cakephp\src\View\ViewVarsTrait.php, line 98]
Trace:
Cake\Error\BaseErrorHandler::handleError() - CORE\src\Error\BaseErrorHandler.php, line 139
Cake\Controller\Controller::createView() - CORE\src\View\ViewVarsTrait.php, line 98
Cake\Controller\Controller::render() - CORE\src\Controller\Controller.php, line 597
Cake\Routing\Dispatcher::_invoke() - CORE\src\Routing\Dispatcher.php, line 120
Cake\Routing\Dispatcher::dispatch() - CORE\src\Routing\Dispatcher.php, line 87
[main] - ROOT\webroot\index.php, line 37



2015-11-06 07:54:42 Notice: Deprecated (16384): Property $layout is deprecated. Use $this->viewBuilder()->layout() instead in beforeRender(). in [C:\xampp\htdocs\assignment\vendor\cakephp\cakephp\src\View\ViewVarsTrait.php, line 98]
Trace:
Cake\Error\BaseErrorHandler::handleError() - CORE\src\Error\BaseErrorHandler.php, line 139
Cake\Controller\Controller::createView() - CORE\src\View\ViewVarsTrait.php, line 98
Cake\Controller\Controller::render() - CORE\src\Controller\Controller.php, line 597
Cake\Routing\Dispatcher::_invoke() - CORE\src\Routing\Dispatcher.php, line 120
Cake\Routing\Dispatcher::dispatch() - CORE\src\Routing\Dispatcher.php, line 87
[main] - ROOT\webroot\index.php, line 37



2015-11-06 07:54:47 Notice: Deprecated (16384): Property $layout is deprecated. Use $this->viewBuilder()->layout() instead in beforeRender(). in [C:\xampp\htdocs\assignment\vendor\cakephp\cakephp\src\View\ViewVarsTrait.php, line 98]
Trace:
Cake\Error\BaseErrorHandler::handleError() - CORE\src\Error\BaseErrorHandler.php, line 139
Cake\Controller\Controller::createView() - CORE\src\View\ViewVarsTrait.php, line 98
Cake\Controller\Controller::render() - CORE\src\Controller\Controller.php, line 597
Cake\Routing\Dispatcher::_invoke() - CORE\src\Routing\Dispatcher.php, line 120
Cake\Routing\Dispatcher::dispatch() - CORE\src\Routing\Dispatcher.php, line 87
[main] - ROOT\webroot\index.php, line 37



2015-11-06 07:54:58 Notice: Deprecated (16384): Property $layout is deprecated. Use $this->viewBuilder()->layout() instead in beforeRender(). in [C:\xampp\htdocs\assignment\vendor\cakephp\cakephp\src\View\ViewVarsTrait.php, line 98]
Trace:
Cake\Error\BaseErrorHandler::handleError() - CORE\src\Error\BaseErrorHandler.php, line 139
Cake\Controller\Controller::createView() - CORE\src\View\ViewVarsTrait.php, line 98
Cake\Controller\Controller::render() - CORE\src\Controller\Controller.php, line 597
Cake\Routing\Dispatcher::_invoke() - CORE\src\Routing\Dispatcher.php, line 120
Cake\Routing\Dispatcher::dispatch() - CORE\src\Routing\Dispatcher.php, line 87
[main] - ROOT\webroot\index.php, line 37



2015-11-06 07:55:08 Notice: Deprecated (16384): Property $layout is deprecated. Use $this->viewBuilder()->layout() instead in beforeRender(). in [C:\xampp\htdocs\assignment\vendor\cakephp\cakephp\src\View\ViewVarsTrait.php, line 98]
Trace:
Cake\Error\BaseErrorHandler::handleError() - CORE\src\Error\BaseErrorHandler.php, line 139
Cake\Controller\Controller::createView() - CORE\src\View\ViewVarsTrait.php, line 98
Cake\Controller\Controller::render() - CORE\src\Controller\Controller.php, line 597
Cake\Routing\Dispatcher::_invoke() - CORE\src\Routing\Dispatcher.php, line 120
Cake\Routing\Dispatcher::dispatch() - CORE\src\Routing\Dispatcher.php, line 87
[main] - ROOT\webroot\index.php, line 37



2015-11-06 07:55:17 Notice: Deprecated (16384): Property $layout is deprecated. Use $this->viewBuilder()->layout() instead in beforeRender(). in [C:\xampp\htdocs\assignment\vendor\cakephp\cakephp\src\View\ViewVarsTrait.php, line 98]
Trace:
Cake\Error\BaseErrorHandler::handleError() - CORE\src\Error\BaseErrorHandler.php, line 139
Cake\Controller\Controller::createView() - CORE\src\View\ViewVarsTrait.php, line 98
Cake\Controller\Controller::render() - CORE\src\Controller\Controller.php, line 597
Cake\Routing\Dispatcher::_invoke() - CORE\src\Routing\Dispatcher.php, line 120
Cake\Routing\Dispatcher::dispatch() - CORE\src\Routing\Dispatcher.php, line 87
[main] - ROOT\webroot\index.php, line 37



2015-11-06 07:55:37 Notice: Deprecated (16384): Property $layout is deprecated. Use $this->viewBuilder()->layout() instead in beforeRender(). in [C:\xampp\htdocs\assignment\vendor\cakephp\cakephp\src\View\ViewVarsTrait.php, line 98]
Trace:
Cake\Error\BaseErrorHandler::handleError() - CORE\src\Error\BaseErrorHandler.php, line 139
Cake\Controller\Controller::createView() - CORE\src\View\ViewVarsTrait.php, line 98
Cake\Controller\Controller::render() - CORE\src\Controller\Controller.php, line 597
Cake\Routing\Dispatcher::_invoke() - CORE\src\Routing\Dispatcher.php, line 120
Cake\Routing\Dispatcher::dispatch() - CORE\src\Routing\Dispatcher.php, line 87
[main] - ROOT\webroot\index.php, line 37



2015-11-06 07:56:45 Notice: Deprecated (16384): Property $layout is deprecated. Use $this->viewBuilder()->layout() instead in beforeRender(). in [C:\xampp\htdocs\assignment\vendor\cakephp\cakephp\src\View\ViewVarsTrait.php, line 98]
Trace:
Cake\Error\BaseErrorHandler::handleError() - CORE\src\Error\BaseErrorHandler.php, line 139
Cake\Controller\Controller::createView() - CORE\src\View\ViewVarsTrait.php, line 98
Cake\Controller\Controller::render() - CORE\src\Controller\Controller.php, line 597
Cake\Routing\Dispatcher::_invoke() - CORE\src\Routing\Dispatcher.php, line 120
Cake\Routing\Dispatcher::dispatch() - CORE\src\Routing\Dispatcher.php, line 87
[main] - ROOT\webroot\index.php, line 37



2015-11-06 07:56:55 Notice: Deprecated (16384): Property $layout is deprecated. Use $this->viewBuilder()->layout() instead in beforeRender(). in [C:\xampp\htdocs\assignment\vendor\cakephp\cakephp\src\View\ViewVarsTrait.php, line 98]
Trace:
Cake\Error\BaseErrorHandler::handleError() - CORE\src\Error\BaseErrorHandler.php, line 139
Cake\Controller\Controller::createView() - CORE\src\View\ViewVarsTrait.php, line 98
Cake\Controller\Controller::render() - CORE\src\Controller\Controller.php, line 597
Cake\Routing\Dispatcher::_invoke() - CORE\src\Routing\Dispatcher.php, line 120
Cake\Routing\Dispatcher::dispatch() - CORE\src\Routing\Dispatcher.php, line 87
[main] - ROOT\webroot\index.php, line 37



2015-11-06 07:57:01 Notice: Deprecated (16384): Property $layout is deprecated. Use $this->viewBuilder()->layout() instead in beforeRender(). in [C:\xampp\htdocs\assignment\vendor\cakephp\cakephp\src\View\ViewVarsTrait.php, line 98]
Trace:
Cake\Error\BaseErrorHandler::handleError() - CORE\src\Error\BaseErrorHandler.php, line 139
Cake\Controller\Controller::createView() - CORE\src\View\ViewVarsTrait.php, line 98
Cake\Controller\Controller::render() - CORE\src\Controller\Controller.php, line 597
Cake\Routing\Dispatcher::_invoke() - CORE\src\Routing\Dispatcher.php, line 120
Cake\Routing\Dispatcher::dispatch() - CORE\src\Routing\Dispatcher.php, line 87
[main] - ROOT\webroot\index.php, line 37



2015-11-06 07:57:06 Notice: Deprecated (16384): Property $layout is deprecated. Use $this->viewBuilder()->layout() instead in beforeRender(). in [C:\xampp\htdocs\assignment\vendor\cakephp\cakephp\src\View\ViewVarsTrait.php, line 98]
Trace:
Cake\Error\BaseErrorHandler::handleError() - CORE\src\Error\BaseErrorHandler.php, line 139
Cake\Controller\Controller::createView() - CORE\src\View\ViewVarsTrait.php, line 98
Cake\Controller\Controller::render() - CORE\src\Controller\Controller.php, line 597
Cake\Routing\Dispatcher::_invoke() - CORE\src\Routing\Dispatcher.php, line 120
Cake\Routing\Dispatcher::dispatch() - CORE\src\Routing\Dispatcher.php, line 87
[main] - ROOT\webroot\index.php, line 37



2015-11-06 07:57:12 Notice: Deprecated (16384): Property $layout is deprecated. Use $this->viewBuilder()->layout() instead in beforeRender(). in [C:\xampp\htdocs\assignment\vendor\cakephp\cakephp\src\View\ViewVarsTrait.php, line 98]
Trace:
Cake\Error\BaseErrorHandler::handleError() - CORE\src\Error\BaseErrorHandler.php, line 139
Cake\Controller\Controller::createView() - CORE\src\View\ViewVarsTrait.php, line 98
Cake\Controller\Controller::render() - CORE\src\Controller\Controller.php, line 597
Cake\Routing\Dispatcher::_invoke() - CORE\src\Routing\Dispatcher.php, line 120
Cake\Routing\Dispatcher::dispatch() - CORE\src\Routing\Dispatcher.php, line 87
[main] - ROOT\webroot\index.php, line 37



2015-11-06 07:57:16 Notice: Deprecated (16384): Property $layout is deprecated. Use $this->viewBuilder()->layout() instead in beforeRender(). in [C:\xampp\htdocs\assignment\vendor\cakephp\cakephp\src\View\ViewVarsTrait.php, line 98]
Trace:
Cake\Error\BaseErrorHandler::handleError() - CORE\src\Error\BaseErrorHandler.php, line 139
Cake\Controller\Controller::createView() - CORE\src\View\ViewVarsTrait.php, line 98
Cake\Controller\Controller::render() - CORE\src\Controller\Controller.php, line 597
Cake\Routing\Dispatcher::_invoke() - CORE\src\Routing\Dispatcher.php, line 120
Cake\Routing\Dispatcher::dispatch() - CORE\src\Routing\Dispatcher.php, line 87
[main] - ROOT\webroot\index.php, line 37



2015-11-06 07:58:32 Notice: Deprecated (16384): Property $layout is deprecated. Use $this->viewBuilder()->layout() instead in beforeRender(). in [C:\xampp\htdocs\assignment\vendor\cakephp\cakephp\src\View\ViewVarsTrait.php, line 98]
Trace:
Cake\Error\BaseErrorHandler::handleError() - CORE\src\Error\BaseErrorHandler.php, line 139
Cake\Controller\Controller::createView() - CORE\src\View\ViewVarsTrait.php, line 98
Cake\Controller\Controller::render() - CORE\src\Controller\Controller.php, line 597
Cake\Routing\Dispatcher::_invoke() - CORE\src\Routing\Dispatcher.php, line 120
Cake\Routing\Dispatcher::dispatch() - CORE\src\Routing\Dispatcher.php, line 87
[main] - ROOT\webroot\index.php, line 37



2015-11-06 07:59:01 Notice: Strict (2048): Declaration of App\Model\Table\OrdersTable::validationDefault() should be compatible with Cake\ORM\Table::validationDefault(Cake\Validation\Validator $validator) in [C:\xampp\htdocs\assignment\src\Model\Table\OrdersTable.php, line 7]
Trace:
Cake\Error\BaseErrorHandler::handleError() - CORE\src\Error\BaseErrorHandler.php, line 139
include - APP/Model\Table\OrdersTable.php, line 7
Composer\Autoload\includeFile - ROOT\vendor\composer\ClassLoader.php, line 412
Composer\Autoload\ClassLoader::loadClass() - ROOT\vendor\composer\ClassLoader.php, line 301
spl_autoload_call - [internal], line ??
class_exists - [internal], line ??
Cake\Core\App::_classExistsInBase() - CORE\src\Core\App.php, line 89
Cake\Core\App::className() - CORE\src\Core\App.php, line 66
Cake\ORM\Locator\TableLocator::get() - CORE\src\ORM\Locator\TableLocator.php, line 152
Cake\Controller\Controller::loadModel() - CORE\src\Datasource\ModelAwareTrait.php, line 99
Cake\Controller\Controller::__get() - CORE\src\Controller\Controller.php, line 346
App\Controller\OrdersController::index() - APP/Controller\OrdersController.php, line 14
Cake\Controller\Controller::invokeAction() - CORE\src\Controller\Controller.php, line 416
Cake\Routing\Dispatcher::_invoke() - CORE\src\Routing\Dispatcher.php, line 114
Cake\Routing\Dispatcher::dispatch() - CORE\src\Routing\Dispatcher.php, line 87
[main] - ROOT\webroot\index.php, line 37



2015-11-06 07:59:04 Notice: Deprecated (16384): Property $layout is deprecated. Use $this->viewBuilder()->layout() instead in beforeRender(). in [C:\xampp\htdocs\assignment\vendor\cakephp\cakephp\src\View\ViewVarsTrait.php, line 98]
Trace:
Cake\Error\BaseErrorHandler::handleError() - CORE\src\Error\BaseErrorHandler.php, line 139
Cake\Controller\Controller::createView() - CORE\src\View\ViewVarsTrait.php, line 98
Cake\Controller\Controller::render() - CORE\src\Controller\Controller.php, line 597
Cake\Routing\Dispatcher::_invoke() - CORE\src\Routing\Dispatcher.php, line 120
Cake\Routing\Dispatcher::dispatch() - CORE\src\Routing\Dispatcher.php, line 87
[main] - ROOT\webroot\index.php, line 37



2015-11-06 07:59:43 Notice: Strict (2048): Declaration of App\Model\Table\OrdersTable::validationDefault() should be compatible with Cake\ORM\Table::validationDefault(Cake\Validation\Validator $validator) in [C:\xampp\htdocs\assignment\src\Model\Table\OrdersTable.php, line 7]
Trace:
Cake\Error\BaseErrorHandler::handleError() - CORE\src\Error\BaseErrorHandler.php, line 139
include - APP/Model\Table\OrdersTable.php, line 7
Composer\Autoload\includeFile - ROOT\vendor\composer\ClassLoader.php, line 412
Composer\Autoload\ClassLoader::loadClass() - ROOT\vendor\composer\ClassLoader.php, line 301
spl_autoload_call - [internal], line ??
class_exists - [internal], line ??
Cake\Core\App::_classExistsInBase() - CORE\src\Core\App.php, line 89
Cake\Core\App::className() - CORE\src\Core\App.php, line 66
Cake\ORM\Locator\TableLocator::get() - CORE\src\ORM\Locator\TableLocator.php, line 152
Cake\Controller\Controller::loadModel() - CORE\src\Datasource\ModelAwareTrait.php, line 99
Cake\Controller\Controller::__get() - CORE\src\Controller\Controller.php, line 346
App\Controller\OrdersController::index() - APP/Controller\OrdersController.php, line 14
Cake\Controller\Controller::invokeAction() - CORE\src\Controller\Controller.php, line 416
Cake\Routing\Dispatcher::_invoke() - CORE\src\Routing\Dispatcher.php, line 114
Cake\Routing\Dispatcher::dispatch() - CORE\src\Routing\Dispatcher.php, line 87
[main] - ROOT\webroot\index.php, line 37



2015-11-06 07:59:45 Notice: Deprecated (16384): Property $layout is deprecated. Use $this->viewBuilder()->layout() instead in beforeRender(). in [C:\xampp\htdocs\assignment\vendor\cakephp\cakephp\src\View\ViewVarsTrait.php, line 98]
Trace:
Cake\Error\BaseErrorHandler::handleError() - CORE\src\Error\BaseErrorHandler.php, line 139
Cake\Controller\Controller::createView() - CORE\src\View\ViewVarsTrait.php, line 98
Cake\Controller\Controller::render() - CORE\src\Controller\Controller.php, line 597
Cake\Routing\Dispatcher::_invoke() - CORE\src\Routing\Dispatcher.php, line 120
Cake\Routing\Dispatcher::dispatch() - CORE\src\Routing\Dispatcher.php, line 87
[main] - ROOT\webroot\index.php, line 37



2015-11-06 07:59:47 Notice: Strict (2048): Declaration of App\Model\Table\OrdersTable::validationDefault() should be compatible with Cake\ORM\Table::validationDefault(Cake\Validation\Validator $validator) in [C:\xampp\htdocs\assignment\src\Model\Table\OrdersTable.php, line 7]
Trace:
Cake\Error\BaseErrorHandler::handleError() - CORE\src\Error\BaseErrorHandler.php, line 139
include - APP/Model\Table\OrdersTable.php, line 7
Composer\Autoload\includeFile - ROOT\vendor\composer\ClassLoader.php, line 412
Composer\Autoload\ClassLoader::loadClass() - ROOT\vendor\composer\ClassLoader.php, line 301
spl_autoload_call - [internal], line ??
class_exists - [internal], line ??
Cake\Core\App::_classExistsInBase() - CORE\src\Core\App.php, line 89
Cake\Core\App::className() - CORE\src\Core\App.php, line 66
Cake\ORM\Locator\TableLocator::get() - CORE\src\ORM\Locator\TableLocator.php, line 152
Cake\Controller\Controller::loadModel() - CORE\src\Datasource\ModelAwareTrait.php, line 99
Cake\Controller\Controller::__get() - CORE\src\Controller\Controller.php, line 346
App\Controller\OrdersController::add() - APP/Controller\OrdersController.php, line 23
Cake\Controller\Controller::invokeAction() - CORE\src\Controller\Controller.php, line 416
Cake\Routing\Dispatcher::_invoke() - CORE\src\Routing\Dispatcher.php, line 114
Cake\Routing\Dispatcher::dispatch() - CORE\src\Routing\Dispatcher.php, line 87
[main] - ROOT\webroot\index.php, line 37



2015-11-06 08:00:02 Notice: Strict (2048): Declaration of App\Model\Table\OrdersTable::validationDefault() should be compatible with Cake\ORM\Table::validationDefault(Cake\Validation\Validator $validator) in [C:\xampp\htdocs\assignment\src\Model\Table\OrdersTable.php, line 7]
Trace:
Cake\Error\BaseErrorHandler::handleError() - CORE\src\Error\BaseErrorHandler.php, line 139
include - APP/Model\Table\OrdersTable.php, line 7
Composer\Autoload\includeFile - ROOT\vendor\composer\ClassLoader.php, line 412
Composer\Autoload\ClassLoader::loadClass() - ROOT\vendor\composer\ClassLoader.php, line 301
spl_autoload_call - [internal], line ??
class_exists - [internal], line ??
Cake\Core\App::_classExistsInBase() - CORE\src\Core\App.php, line 89
Cake\Core\App::className() - CORE\src\Core\App.php, line 66
Cake\ORM\Locator\TableLocator::get() - CORE\src\ORM\Locator\TableLocator.php, line 152
Cake\Controller\Controller::loadModel() - CORE\src\Datasource\ModelAwareTrait.php, line 99
Cake\Controller\Controller::__get() - CORE\src\Controller\Controller.php, line 346
App\Controller\OrdersController::add() - APP/Controller\OrdersController.php, line 23
Cake\Controller\Controller::invokeAction() - CORE\src\Controller\Controller.php, line 416
Cake\Routing\Dispatcher::_invoke() - CORE\src\Routing\Dispatcher.php, line 114
Cake\Routing\Dispatcher::dispatch() - CORE\src\Routing\Dispatcher.php, line 87
[main] - ROOT\webroot\index.php, line 37



2015-11-06 08:00:06 Notice: Deprecated (16384): Property $layout is deprecated. Use $this->viewBuilder()->layout() instead in beforeRender(). in [C:\xampp\htdocs\assignment\vendor\cakephp\cakephp\src\View\ViewVarsTrait.php, line 98]
Trace:
Cake\Error\BaseErrorHandler::handleError() - CORE\src\Error\BaseErrorHandler.php, line 139
Cake\Controller\Controller::createView() - CORE\src\View\ViewVarsTrait.php, line 98
Cake\Controller\Controller::render() - CORE\src\Controller\Controller.php, line 597
Cake\Routing\Dispatcher::_invoke() - CORE\src\Routing\Dispatcher.php, line 120
Cake\Routing\Dispatcher::dispatch() - CORE\src\Routing\Dispatcher.php, line 87
[main] - ROOT\webroot\index.php, line 37



2015-11-06 08:00:27 Notice: Deprecated (16384): Property $layout is deprecated. Use $this->viewBuilder()->layout() instead in beforeRender(). in [C:\xampp\htdocs\assignment\vendor\cakephp\cakephp\src\View\ViewVarsTrait.php, line 98]
Trace:
Cake\Error\BaseErrorHandler::handleError() - CORE\src\Error\BaseErrorHandler.php, line 139
Cake\Controller\Controller::createView() - CORE\src\View\ViewVarsTrait.php, line 98
Cake\Controller\Controller::render() - CORE\src\Controller\Controller.php, line 597
Cake\Routing\Dispatcher::_invoke() - CORE\src\Routing\Dispatcher.php, line 120
Cake\Routing\Dispatcher::dispatch() - CORE\src\Routing\Dispatcher.php, line 87
[main] - ROOT\webroot\index.php, line 37



2015-11-06 08:00:39 Notice: Deprecated (16384): Property $layout is deprecated. Use $this->viewBuilder()->layout() instead in beforeRender(). in [C:\xampp\htdocs\assignment\vendor\cakephp\cakephp\src\View\ViewVarsTrait.php, line 98]
Trace:
Cake\Error\BaseErrorHandler::handleError() - CORE\src\Error\BaseErrorHandler.php, line 139
Cake\Controller\Controller::createView() - CORE\src\View\ViewVarsTrait.php, line 98
Cake\Controller\Controller::render() - CORE\src\Controller\Controller.php, line 597
Cake\Routing\Dispatcher::_invoke() - CORE\src\Routing\Dispatcher.php, line 120
Cake\Routing\Dispatcher::dispatch() - CORE\src\Routing\Dispatcher.php, line 87
[main] - ROOT\webroot\index.php, line 37



2015-11-06 08:04:05 Notice: Deprecated (16384): Property $layout is deprecated. Use $this->viewBuilder()->layout() instead in beforeRender(). in [C:\xampp\htdocs\assignment\vendor\cakephp\cakephp\src\View\ViewVarsTrait.php, line 98]
Trace:
Cake\Error\BaseErrorHandler::handleError() - CORE\src\Error\BaseErrorHandler.php, line 139
Cake\Controller\Controller::createView() - CORE\src\View\ViewVarsTrait.php, line 98
Cake\Controller\Controller::render() - CORE\src\Controller\Controller.php, line 597
Cake\Routing\Dispatcher::_invoke() - CORE\src\Routing\Dispatcher.php, line 120
Cake\Routing\Dispatcher::dispatch() - CORE\src\Routing\Dispatcher.php, line 87
[main] - ROOT\webroot\index.php, line 37



2015-11-06 08:04:10 Notice: Deprecated (16384): Property $layout is deprecated. Use $this->viewBuilder()->layout() instead in beforeRender(). in [C:\xampp\htdocs\assignment\vendor\cakephp\cakephp\src\View\ViewVarsTrait.php, line 98]
Trace:
Cake\Error\BaseErrorHandler::handleError() - CORE\src\Error\BaseErrorHandler.php, line 139
Cake\Controller\Controller::createView() - CORE\src\View\ViewVarsTrait.php, line 98
Cake\Controller\Controller::render() - CORE\src\Controller\Controller.php, line 597
Cake\Routing\Dispatcher::_invoke() - CORE\src\Routing\Dispatcher.php, line 120
Cake\Routing\Dispatcher::dispatch() - CORE\src\Routing\Dispatcher.php, line 87
[main] - ROOT\webroot\index.php, line 37



2015-11-06 08:04:21 Notice: Deprecated (16384): Property $layout is deprecated. Use $this->viewBuilder()->layout() instead in beforeRender(). in [C:\xampp\htdocs\assignment\vendor\cakephp\cakephp\src\View\ViewVarsTrait.php, line 98]
Trace:
Cake\Error\BaseErrorHandler::handleError() - CORE\src\Error\BaseErrorHandler.php, line 139
Cake\Controller\Controller::createView() - CORE\src\View\ViewVarsTrait.php, line 98
Cake\Controller\Controller::render() - CORE\src\Controller\Controller.php, line 597
Cake\Routing\Dispatcher::_invoke() - CORE\src\Routing\Dispatcher.php, line 120
Cake\Routing\Dispatcher::dispatch() - CORE\src\Routing\Dispatcher.php, line 87
[main] - ROOT\webroot\index.php, line 37



2015-11-06 08:06:41 Notice: Deprecated (16384): Property $layout is deprecated. Use $this->viewBuilder()->layout() instead in beforeRender(). in [C:\xampp\htdocs\assignment\vendor\cakephp\cakephp\src\View\ViewVarsTrait.php, line 98]
Trace:
Cake\Error\BaseErrorHandler::handleError() - CORE\src\Error\BaseErrorHandler.php, line 139
Cake\Controller\Controller::createView() - CORE\src\View\ViewVarsTrait.php, line 98
Cake\Controller\Controller::render() - CORE\src\Controller\Controller.php, line 597
Cake\Routing\Dispatcher::_invoke() - CORE\src\Routing\Dispatcher.php, line 120
Cake\Routing\Dispatcher::dispatch() - CORE\src\Routing\Dispatcher.php, line 87
[main] - ROOT\webroot\index.php, line 37



2015-11-06 08:07:08 Notice: Deprecated (16384): Property $layout is deprecated. Use $this->viewBuilder()->layout() instead in beforeRender(). in [C:\xampp\htdocs\assignment\vendor\cakephp\cakephp\src\View\ViewVarsTrait.php, line 98]
Trace:
Cake\Error\BaseErrorHandler::handleError() - CORE\src\Error\BaseErrorHandler.php, line 139
Cake\Controller\Controller::createView() - CORE\src\View\ViewVarsTrait.php, line 98
Cake\Controller\Controller::render() - CORE\src\Controller\Controller.php, line 597
Cake\Routing\Dispatcher::_invoke() - CORE\src\Routing\Dispatcher.php, line 120
Cake\Routing\Dispatcher::dispatch() - CORE\src\Routing\Dispatcher.php, line 87
[main] - ROOT\webroot\index.php, line 37



2015-11-06 08:07:17 Notice: Deprecated (16384): Property $layout is deprecated. Use $this->viewBuilder()->layout() instead in beforeRender(). in [C:\xampp\htdocs\assignment\vendor\cakephp\cakephp\src\View\ViewVarsTrait.php, line 98]
Trace:
Cake\Error\BaseErrorHandler::handleError() - CORE\src\Error\BaseErrorHandler.php, line 139
Cake\Controller\Controller::createView() - CORE\src\View\ViewVarsTrait.php, line 98
Cake\Controller\Controller::render() - CORE\src\Controller\Controller.php, line 597
Cake\Routing\Dispatcher::_invoke() - CORE\src\Routing\Dispatcher.php, line 120
Cake\Routing\Dispatcher::dispatch() - CORE\src\Routing\Dispatcher.php, line 87
[main] - ROOT\webroot\index.php, line 37



2015-11-06 08:08:28 Notice: Deprecated (16384): Property $layout is deprecated. Use $this->viewBuilder()->layout() instead in beforeRender(). in [C:\xampp\htdocs\assignment\vendor\cakephp\cakephp\src\View\ViewVarsTrait.php, line 98]
Trace:
Cake\Error\BaseErrorHandler::handleError() - CORE\src\Error\BaseErrorHandler.php, line 139
Cake\Controller\Controller::createView() - CORE\src\View\ViewVarsTrait.php, line 98
Cake\Controller\Controller::render() - CORE\src\Controller\Controller.php, line 597
Cake\Routing\Dispatcher::_invoke() - CORE\src\Routing\Dispatcher.php, line 120
Cake\Routing\Dispatcher::dispatch() - CORE\src\Routing\Dispatcher.php, line 87
[main] - ROOT\webroot\index.php, line 37



2015-11-06 08:08:38 Notice: Deprecated (16384): Property $layout is deprecated. Use $this->viewBuilder()->layout() instead in beforeRender(). in [C:\xampp\htdocs\assignment\vendor\cakephp\cakephp\src\View\ViewVarsTrait.php, line 98]
Trace:
Cake\Error\BaseErrorHandler::handleError() - CORE\src\Error\BaseErrorHandler.php, line 139
Cake\Controller\Controller::createView() - CORE\src\View\ViewVarsTrait.php, line 98
Cake\Controller\Controller::render() - CORE\src\Controller\Controller.php, line 597
Cake\Routing\Dispatcher::_invoke() - CORE\src\Routing\Dispatcher.php, line 120
Cake\Routing\Dispatcher::dispatch() - CORE\src\Routing\Dispatcher.php, line 87
[main] - ROOT\webroot\index.php, line 37



2015-11-06 08:08:46 Notice: Deprecated (16384): Property $layout is deprecated. Use $this->viewBuilder()->layout() instead in beforeRender(). in [C:\xampp\htdocs\assignment\vendor\cakephp\cakephp\src\View\ViewVarsTrait.php, line 98]
Trace:
Cake\Error\BaseErrorHandler::handleError() - CORE\src\Error\BaseErrorHandler.php, line 139
Cake\Controller\Controller::createView() - CORE\src\View\ViewVarsTrait.php, line 98
Cake\Controller\Controller::render() - CORE\src\Controller\Controller.php, line 597
Cake\Routing\Dispatcher::_invoke() - CORE\src\Routing\Dispatcher.php, line 120
Cake\Routing\Dispatcher::dispatch() - CORE\src\Routing\Dispatcher.php, line 87
[main] - ROOT\webroot\index.php, line 37



2015-11-06 08:08:53 Notice: Deprecated (16384): Property $layout is deprecated. Use $this->viewBuilder()->layout() instead in beforeRender(). in [C:\xampp\htdocs\assignment\vendor\cakephp\cakephp\src\View\ViewVarsTrait.php, line 98]
Trace:
Cake\Error\BaseErrorHandler::handleError() - CORE\src\Error\BaseErrorHandler.php, line 139
Cake\Controller\Controller::createView() - CORE\src\View\ViewVarsTrait.php, line 98
Cake\Controller\Controller::render() - CORE\src\Controller\Controller.php, line 597
Cake\Routing\Dispatcher::_invoke() - CORE\src\Routing\Dispatcher.php, line 120
Cake\Routing\Dispatcher::dispatch() - CORE\src\Routing\Dispatcher.php, line 87
[main] - ROOT\webroot\index.php, line 37



2015-11-06 08:10:47 Notice: Deprecated (16384): Property $layout is deprecated. Use $this->viewBuilder()->layout() instead in beforeRender(). in [C:\xampp\htdocs\assignment\vendor\cakephp\cakephp\src\View\ViewVarsTrait.php, line 98]
Trace:
Cake\Error\BaseErrorHandler::handleError() - CORE\src\Error\BaseErrorHandler.php, line 139
Cake\Controller\Controller::createView() - CORE\src\View\ViewVarsTrait.php, line 98
Cake\Controller\Controller::render() - CORE\src\Controller\Controller.php, line 597
Cake\Routing\Dispatcher::_invoke() - CORE\src\Routing\Dispatcher.php, line 120
Cake\Routing\Dispatcher::dispatch() - CORE\src\Routing\Dispatcher.php, line 87
[main] - ROOT\webroot\index.php, line 37



2015-11-06 08:10:59 Notice: Deprecated (16384): Property $layout is deprecated. Use $this->viewBuilder()->layout() instead in beforeRender(). in [C:\xampp\htdocs\assignment\vendor\cakephp\cakephp\src\View\ViewVarsTrait.php, line 98]
Trace:
Cake\Error\BaseErrorHandler::handleError() - CORE\src\Error\BaseErrorHandler.php, line 139
Cake\Controller\Controller::createView() - CORE\src\View\ViewVarsTrait.php, line 98
Cake\Controller\Controller::render() - CORE\src\Controller\Controller.php, line 597
Cake\Routing\Dispatcher::_invoke() - CORE\src\Routing\Dispatcher.php, line 120
Cake\Routing\Dispatcher::dispatch() - CORE\src\Routing\Dispatcher.php, line 87
[main] - ROOT\webroot\index.php, line 37



2015-11-06 08:11:04 Notice: Deprecated (16384): Property $layout is deprecated. Use $this->viewBuilder()->layout() instead in beforeRender(). in [C:\xampp\htdocs\assignment\vendor\cakephp\cakephp\src\View\ViewVarsTrait.php, line 98]
Trace:
Cake\Error\BaseErrorHandler::handleError() - CORE\src\Error\BaseErrorHandler.php, line 139
Cake\Controller\Controller::createView() - CORE\src\View\ViewVarsTrait.php, line 98
Cake\Controller\Controller::render() - CORE\src\Controller\Controller.php, line 597
Cake\Routing\Dispatcher::_invoke() - CORE\src\Routing\Dispatcher.php, line 120
Cake\Routing\Dispatcher::dispatch() - CORE\src\Routing\Dispatcher.php, line 87
[main] - ROOT\webroot\index.php, line 37



2015-11-06 08:11:16 Notice: Deprecated (16384): Property $layout is deprecated. Use $this->viewBuilder()->layout() instead in beforeRender(). in [C:\xampp\htdocs\assignment\vendor\cakephp\cakephp\src\View\ViewVarsTrait.php, line 98]
Trace:
Cake\Error\BaseErrorHandler::handleError() - CORE\src\Error\BaseErrorHandler.php, line 139
Cake\Controller\Controller::createView() - CORE\src\View\ViewVarsTrait.php, line 98
Cake\Controller\Controller::render() - CORE\src\Controller\Controller.php, line 597
Cake\Routing\Dispatcher::_invoke() - CORE\src\Routing\Dispatcher.php, line 120
Cake\Routing\Dispatcher::dispatch() - CORE\src\Routing\Dispatcher.php, line 87
[main] - ROOT\webroot\index.php, line 37



2015-11-06 08:11:21 Notice: Deprecated (16384): Property $layout is deprecated. Use $this->viewBuilder()->layout() instead in beforeRender(). in [C:\xampp\htdocs\assignment\vendor\cakephp\cakephp\src\View\ViewVarsTrait.php, line 98]
Trace:
Cake\Error\BaseErrorHandler::handleError() - CORE\src\Error\BaseErrorHandler.php, line 139
Cake\Controller\Controller::createView() - CORE\src\View\ViewVarsTrait.php, line 98
Cake\Controller\Controller::render() - CORE\src\Controller\Controller.php, line 597
Cake\Routing\Dispatcher::_invoke() - CORE\src\Routing\Dispatcher.php, line 120
Cake\Routing\Dispatcher::dispatch() - CORE\src\Routing\Dispatcher.php, line 87
[main] - ROOT\webroot\index.php, line 37



2015-11-06 08:11:30 Notice: Deprecated (16384): Property $layout is deprecated. Use $this->viewBuilder()->layout() instead in beforeRender(). in [C:\xampp\htdocs\assignment\vendor\cakephp\cakephp\src\View\ViewVarsTrait.php, line 98]
Trace:
Cake\Error\BaseErrorHandler::handleError() - CORE\src\Error\BaseErrorHandler.php, line 139
Cake\Controller\Controller::createView() - CORE\src\View\ViewVarsTrait.php, line 98
Cake\Controller\Controller::render() - CORE\src\Controller\Controller.php, line 597
Cake\Routing\Dispatcher::_invoke() - CORE\src\Routing\Dispatcher.php, line 120
Cake\Routing\Dispatcher::dispatch() - CORE\src\Routing\Dispatcher.php, line 87
[main] - ROOT\webroot\index.php, line 37



2015-11-06 08:11:34 Notice: Deprecated (16384): Property $layout is deprecated. Use $this->viewBuilder()->layout() instead in beforeRender(). in [C:\xampp\htdocs\assignment\vendor\cakephp\cakephp\src\View\ViewVarsTrait.php, line 98]
Trace:
Cake\Error\BaseErrorHandler::handleError() - CORE\src\Error\BaseErrorHandler.php, line 139
Cake\Controller\Controller::createView() - CORE\src\View\ViewVarsTrait.php, line 98
Cake\Controller\Controller::render() - CORE\src\Controller\Controller.php, line 597
Cake\Routing\Dispatcher::_invoke() - CORE\src\Routing\Dispatcher.php, line 120
Cake\Routing\Dispatcher::dispatch() - CORE\src\Routing\Dispatcher.php, line 87
[main] - ROOT\webroot\index.php, line 37



2015-11-06 08:11:38 Notice: Deprecated (16384): Property $layout is deprecated. Use $this->viewBuilder()->layout() instead in beforeRender(). in [C:\xampp\htdocs\assignment\vendor\cakephp\cakephp\src\View\ViewVarsTrait.php, line 98]
Trace:
Cake\Error\BaseErrorHandler::handleError() - CORE\src\Error\BaseErrorHandler.php, line 139
Cake\Controller\Controller::createView() - CORE\src\View\ViewVarsTrait.php, line 98
Cake\Controller\Controller::render() - CORE\src\Controller\Controller.php, line 597
Cake\Routing\Dispatcher::_invoke() - CORE\src\Routing\Dispatcher.php, line 120
Cake\Routing\Dispatcher::dispatch() - CORE\src\Routing\Dispatcher.php, line 87
[main] - ROOT\webroot\index.php, line 37



2015-11-06 08:11:44 Notice: Deprecated (16384): Property $layout is deprecated. Use $this->viewBuilder()->layout() instead in beforeRender(). in [C:\xampp\htdocs\assignment\vendor\cakephp\cakephp\src\View\ViewVarsTrait.php, line 98]
Trace:
Cake\Error\BaseErrorHandler::handleError() - CORE\src\Error\BaseErrorHandler.php, line 139
Cake\Controller\Controller::createView() - CORE\src\View\ViewVarsTrait.php, line 98
Cake\Controller\Controller::render() - CORE\src\Controller\Controller.php, line 597
Cake\Routing\Dispatcher::_invoke() - CORE\src\Routing\Dispatcher.php, line 120
Cake\Routing\Dispatcher::dispatch() - CORE\src\Routing\Dispatcher.php, line 87
[main] - ROOT\webroot\index.php, line 37



2015-11-07 03:52:14 Notice: Deprecated (16384): Property $layout is deprecated. Use $this->viewBuilder()->layout() instead in beforeRender(). in [C:\xampp\htdocs\assignment\vendor\cakephp\cakephp\src\View\ViewVarsTrait.php, line 98]
Trace:
Cake\Error\BaseErrorHandler::handleError() - CORE\src\Error\BaseErrorHandler.php, line 139
Cake\Controller\Controller::createView() - CORE\src\View\ViewVarsTrait.php, line 98
Cake\Controller\Controller::render() - CORE\src\Controller\Controller.php, line 597
Cake\Routing\Dispatcher::_invoke() - CORE\src\Routing\Dispatcher.php, line 120
Cake\Routing\Dispatcher::dispatch() - CORE\src\Routing\Dispatcher.php, line 87
[main] - ROOT\webroot\index.php, line 37



2015-11-07 03:52:34 Notice: Deprecated (16384): Property $layout is deprecated. Use $this->viewBuilder()->layout() instead in beforeRender(). in [C:\xampp\htdocs\assignment\vendor\cakephp\cakephp\src\View\ViewVarsTrait.php, line 98]
Trace:
Cake\Error\BaseErrorHandler::handleError() - CORE\src\Error\BaseErrorHandler.php, line 139
Cake\Controller\Controller::createView() - CORE\src\View\ViewVarsTrait.php, line 98
Cake\Controller\Controller::render() - CORE\src\Controller\Controller.php, line 597
Cake\Routing\Dispatcher::_invoke() - CORE\src\Routing\Dispatcher.php, line 120
Cake\Routing\Dispatcher::dispatch() - CORE\src\Routing\Dispatcher.php, line 87
[main] - ROOT\webroot\index.php, line 37



2015-11-07 04:10:06 Notice: Deprecated (16384): Property $layout is deprecated. Use $this->viewBuilder()->layout() instead in beforeRender(). in [C:\xampp\htdocs\assignment\vendor\cakephp\cakephp\src\View\ViewVarsTrait.php, line 98]
Trace:
Cake\Error\BaseErrorHandler::handleError() - CORE\src\Error\BaseErrorHandler.php, line 139
Cake\Controller\Controller::createView() - CORE\src\View\ViewVarsTrait.php, line 98
Cake\Controller\Controller::render() - CORE\src\Controller\Controller.php, line 597
Cake\Routing\Dispatcher::_invoke() - CORE\src\Routing\Dispatcher.php, line 120
Cake\Routing\Dispatcher::dispatch() - CORE\src\Routing\Dispatcher.php, line 87
[main] - ROOT\webroot\index.php, line 37



2015-11-07 04:16:57 Notice: Deprecated (16384): Property $layout is deprecated. Use $this->viewBuilder()->layout() instead in beforeRender(). in [C:\xampp\htdocs\assignment\vendor\cakephp\cakephp\src\View\ViewVarsTrait.php, line 98]
Trace:
Cake\Error\BaseErrorHandler::handleError() - CORE\src\Error\BaseErrorHandler.php, line 139
Cake\Controller\Controller::createView() - CORE\src\View\ViewVarsTrait.php, line 98
Cake\Controller\Controller::render() - CORE\src\Controller\Controller.php, line 597
Cake\Routing\Dispatcher::_invoke() - CORE\src\Routing\Dispatcher.php, line 120
Cake\Routing\Dispatcher::dispatch() - CORE\src\Routing\Dispatcher.php, line 87
[main] - ROOT\webroot\index.php, line 37



2015-11-07 04:19:36 Notice: Deprecated (16384): Property $layout is deprecated. Use $this->viewBuilder()->layout() instead in beforeRender(). in [C:\xampp\htdocs\assignment\vendor\cakephp\cakephp\src\View\ViewVarsTrait.php, line 98]
Trace:
Cake\Error\BaseErrorHandler::handleError() - CORE\src\Error\BaseErrorHandler.php, line 139
Cake\Controller\Controller::createView() - CORE\src\View\ViewVarsTrait.php, line 98
Cake\Controller\Controller::render() - CORE\src\Controller\Controller.php, line 597
Cake\Routing\Dispatcher::_invoke() - CORE\src\Routing\Dispatcher.php, line 120
Cake\Routing\Dispatcher::dispatch() - CORE\src\Routing\Dispatcher.php, line 87
[main] - ROOT\webroot\index.php, line 37



2015-11-07 04:21:04 Notice: Deprecated (16384): Property $layout is deprecated. Use $this->viewBuilder()->layout() instead in beforeRender(). in [C:\xampp\htdocs\assignment\vendor\cakephp\cakephp\src\View\ViewVarsTrait.php, line 98]
Trace:
Cake\Error\BaseErrorHandler::handleError() - CORE\src\Error\BaseErrorHandler.php, line 139
Cake\Controller\Controller::createView() - CORE\src\View\ViewVarsTrait.php, line 98
Cake\Controller\Controller::render() - CORE\src\Controller\Controller.php, line 597
Cake\Routing\Dispatcher::_invoke() - CORE\src\Routing\Dispatcher.php, line 120
Cake\Routing\Dispatcher::dispatch() - CORE\src\Routing\Dispatcher.php, line 87
[main] - ROOT\webroot\index.php, line 37



2015-11-07 04:21:25 Notice: Deprecated (16384): Property $layout is deprecated. Use $this->viewBuilder()->layout() instead in beforeRender(). in [C:\xampp\htdocs\assignment\vendor\cakephp\cakephp\src\View\ViewVarsTrait.php, line 98]
Trace:
Cake\Error\BaseErrorHandler::handleError() - CORE\src\Error\BaseErrorHandler.php, line 139
Cake\Controller\Controller::createView() - CORE\src\View\ViewVarsTrait.php, line 98
Cake\Controller\Controller::render() - CORE\src\Controller\Controller.php, line 597
Cake\Routing\Dispatcher::_invoke() - CORE\src\Routing\Dispatcher.php, line 120
Cake\Routing\Dispatcher::dispatch() - CORE\src\Routing\Dispatcher.php, line 87
[main] - ROOT\webroot\index.php, line 37



2015-11-07 04:22:22 Notice: Deprecated (16384): Property $layout is deprecated. Use $this->viewBuilder()->layout() instead in beforeRender(). in [C:\xampp\htdocs\assignment\vendor\cakephp\cakephp\src\View\ViewVarsTrait.php, line 98]
Trace:
Cake\Error\BaseErrorHandler::handleError() - CORE\src\Error\BaseErrorHandler.php, line 139
Cake\Controller\Controller::createView() - CORE\src\View\ViewVarsTrait.php, line 98
Cake\Controller\Controller::render() - CORE\src\Controller\Controller.php, line 597
Cake\Routing\Dispatcher::_invoke() - CORE\src\Routing\Dispatcher.php, line 120
Cake\Routing\Dispatcher::dispatch() - CORE\src\Routing\Dispatcher.php, line 87
[main] - ROOT\webroot\index.php, line 37



2015-11-07 04:22:29 Notice: Deprecated (16384): Property $layout is deprecated. Use $this->viewBuilder()->layout() instead in beforeRender(). in [C:\xampp\htdocs\assignment\vendor\cakephp\cakephp\src\View\ViewVarsTrait.php, line 98]
Trace:
Cake\Error\BaseErrorHandler::handleError() - CORE\src\Error\BaseErrorHandler.php, line 139
Cake\Controller\Controller::createView() - CORE\src\View\ViewVarsTrait.php, line 98
Cake\Controller\Controller::render() - CORE\src\Controller\Controller.php, line 597
Cake\Routing\Dispatcher::_invoke() - CORE\src\Routing\Dispatcher.php, line 120
Cake\Routing\Dispatcher::dispatch() - CORE\src\Routing\Dispatcher.php, line 87
[main] - ROOT\webroot\index.php, line 37



2015-11-07 04:22:42 Notice: Deprecated (16384): Property $layout is deprecated. Use $this->viewBuilder()->layout() instead in beforeRender(). in [C:\xampp\htdocs\assignment\vendor\cakephp\cakephp\src\View\ViewVarsTrait.php, line 98]
Trace:
Cake\Error\BaseErrorHandler::handleError() - CORE\src\Error\BaseErrorHandler.php, line 139
Cake\Controller\Controller::createView() - CORE\src\View\ViewVarsTrait.php, line 98
Cake\Controller\Controller::render() - CORE\src\Controller\Controller.php, line 597
Cake\Routing\Dispatcher::_invoke() - CORE\src\Routing\Dispatcher.php, line 120
Cake\Routing\Dispatcher::dispatch() - CORE\src\Routing\Dispatcher.php, line 87
[main] - ROOT\webroot\index.php, line 37



2015-11-07 04:23:12 Notice: Deprecated (16384): Property $layout is deprecated. Use $this->viewBuilder()->layout() instead in beforeRender(). in [C:\xampp\htdocs\assignment\vendor\cakephp\cakephp\src\View\ViewVarsTrait.php, line 98]
Trace:
Cake\Error\BaseErrorHandler::handleError() - CORE\src\Error\BaseErrorHandler.php, line 139
Cake\Controller\Controller::createView() - CORE\src\View\ViewVarsTrait.php, line 98
Cake\Controller\Controller::render() - CORE\src\Controller\Controller.php, line 597
Cake\Routing\Dispatcher::_invoke() - CORE\src\Routing\Dispatcher.php, line 120
Cake\Routing\Dispatcher::dispatch() - CORE\src\Routing\Dispatcher.php, line 87
[main] - ROOT\webroot\index.php, line 37



2015-11-07 04:24:32 Notice: Deprecated (16384): Property $layout is deprecated. Use $this->viewBuilder()->layout() instead in beforeRender(). in [C:\xampp\htdocs\assignment\vendor\cakephp\cakephp\src\View\ViewVarsTrait.php, line 98]
Trace:
Cake\Error\BaseErrorHandler::handleError() - CORE\src\Error\BaseErrorHandler.php, line 139
Cake\Controller\Controller::createView() - CORE\src\View\ViewVarsTrait.php, line 98
Cake\Controller\Controller::render() - CORE\src\Controller\Controller.php, line 597
Cake\Routing\Dispatcher::_invoke() - CORE\src\Routing\Dispatcher.php, line 120
Cake\Routing\Dispatcher::dispatch() - CORE\src\Routing\Dispatcher.php, line 87
[main] - ROOT\webroot\index.php, line 37



2015-11-07 04:24:53 Notice: Deprecated (16384): Property $layout is deprecated. Use $this->viewBuilder()->layout() instead in beforeRender(). in [C:\xampp\htdocs\assignment\vendor\cakephp\cakephp\src\View\ViewVarsTrait.php, line 98]
Trace:
Cake\Error\BaseErrorHandler::handleError() - CORE\src\Error\BaseErrorHandler.php, line 139
Cake\Controller\Controller::createView() - CORE\src\View\ViewVarsTrait.php, line 98
Cake\Controller\Controller::render() - CORE\src\Controller\Controller.php, line 597
Cake\Routing\Dispatcher::_invoke() - CORE\src\Routing\Dispatcher.php, line 120
Cake\Routing\Dispatcher::dispatch() - CORE\src\Routing\Dispatcher.php, line 87
[main] - ROOT\webroot\index.php, line 37



2015-11-07 04:26:09 Notice: Deprecated (16384): Property $layout is deprecated. Use $this->viewBuilder()->layout() instead in beforeRender(). in [C:\xampp\htdocs\assignment\vendor\cakephp\cakephp\src\View\ViewVarsTrait.php, line 98]
Trace:
Cake\Error\BaseErrorHandler::handleError() - CORE\src\Error\BaseErrorHandler.php, line 139
Cake\Controller\Controller::createView() - CORE\src\View\ViewVarsTrait.php, line 98
Cake\Controller\Controller::render() - CORE\src\Controller\Controller.php, line 597
Cake\Routing\Dispatcher::_invoke() - CORE\src\Routing\Dispatcher.php, line 120
Cake\Routing\Dispatcher::dispatch() - CORE\src\Routing\Dispatcher.php, line 87
[main] - ROOT\webroot\index.php, line 37



2015-11-07 04:26:23 Notice: Deprecated (16384): Property $layout is deprecated. Use $this->viewBuilder()->layout() instead in beforeRender(). in [C:\xampp\htdocs\assignment\vendor\cakephp\cakephp\src\View\ViewVarsTrait.php, line 98]
Trace:
Cake\Error\BaseErrorHandler::handleError() - CORE\src\Error\BaseErrorHandler.php, line 139
Cake\Controller\Controller::createView() - CORE\src\View\ViewVarsTrait.php, line 98
Cake\Controller\Controller::render() - CORE\src\Controller\Controller.php, line 597
Cake\Routing\Dispatcher::_invoke() - CORE\src\Routing\Dispatcher.php, line 120
Cake\Routing\Dispatcher::dispatch() - CORE\src\Routing\Dispatcher.php, line 87
[main] - ROOT\webroot\index.php, line 37



2015-11-07 04:26:35 Notice: Deprecated (16384): Property $layout is deprecated. Use $this->viewBuilder()->layout() instead in beforeRender(). in [C:\xampp\htdocs\assignment\vendor\cakephp\cakephp\src\View\ViewVarsTrait.php, line 98]
Trace:
Cake\Error\BaseErrorHandler::handleError() - CORE\src\Error\BaseErrorHandler.php, line 139
Cake\Controller\Controller::createView() - CORE\src\View\ViewVarsTrait.php, line 98
Cake\Controller\Controller::render() - CORE\src\Controller\Controller.php, line 597
Cake\Routing\Dispatcher::_invoke() - CORE\src\Routing\Dispatcher.php, line 120
Cake\Routing\Dispatcher::dispatch() - CORE\src\Routing\Dispatcher.php, line 87
[main] - ROOT\webroot\index.php, line 37



2015-11-07 04:27:50 Notice: Deprecated (16384): Property $layout is deprecated. Use $this->viewBuilder()->layout() instead in beforeRender(). in [C:\xampp\htdocs\assignment\vendor\cakephp\cakephp\src\View\ViewVarsTrait.php, line 98]
Trace:
Cake\Error\BaseErrorHandler::handleError() - CORE\src\Error\BaseErrorHandler.php, line 139
Cake\Controller\Controller::createView() - CORE\src\View\ViewVarsTrait.php, line 98
Cake\Controller\Controller::render() - CORE\src\Controller\Controller.php, line 597
Cake\Routing\Dispatcher::_invoke() - CORE\src\Routing\Dispatcher.php, line 120
Cake\Routing\Dispatcher::dispatch() - CORE\src\Routing\Dispatcher.php, line 87
[main] - ROOT\webroot\index.php, line 37



2015-11-07 04:29:13 Notice: Deprecated (16384): Property $layout is deprecated. Use $this->viewBuilder()->layout() instead in beforeRender(). in [C:\xampp\htdocs\assignment\vendor\cakephp\cakephp\src\View\ViewVarsTrait.php, line 98]
Trace:
Cake\Error\BaseErrorHandler::handleError() - CORE\src\Error\BaseErrorHandler.php, line 139
Cake\Controller\Controller::createView() - CORE\src\View\ViewVarsTrait.php, line 98
Cake\Controller\Controller::render() - CORE\src\Controller\Controller.php, line 597
Cake\Routing\Dispatcher::_invoke() - CORE\src\Routing\Dispatcher.php, line 120
Cake\Routing\Dispatcher::dispatch() - CORE\src\Routing\Dispatcher.php, line 87
[main] - ROOT\webroot\index.php, line 37



2015-11-07 04:29:18 Notice: Deprecated (16384): Property $layout is deprecated. Use $this->viewBuilder()->layout() instead in beforeRender(). in [C:\xampp\htdocs\assignment\vendor\cakephp\cakephp\src\View\ViewVarsTrait.php, line 98]
Trace:
Cake\Error\BaseErrorHandler::handleError() - CORE\src\Error\BaseErrorHandler.php, line 139
Cake\Controller\Controller::createView() - CORE\src\View\ViewVarsTrait.php, line 98
Cake\Controller\Controller::render() - CORE\src\Controller\Controller.php, line 597
Cake\Routing\Dispatcher::_invoke() - CORE\src\Routing\Dispatcher.php, line 120
Cake\Routing\Dispatcher::dispatch() - CORE\src\Routing\Dispatcher.php, line 87
[main] - ROOT\webroot\index.php, line 37



2015-11-07 04:41:02 Notice: Deprecated (16384): Property $layout is deprecated. Use $this->viewBuilder()->layout() instead in beforeRender(). in [C:\xampp\htdocs\assignment\vendor\cakephp\cakephp\src\View\ViewVarsTrait.php, line 98]
Trace:
Cake\Error\BaseErrorHandler::handleError() - CORE\src\Error\BaseErrorHandler.php, line 139
Cake\Controller\Controller::createView() - CORE\src\View\ViewVarsTrait.php, line 98
Cake\Controller\Controller::render() - CORE\src\Controller\Controller.php, line 597
Cake\Routing\Dispatcher::_invoke() - CORE\src\Routing\Dispatcher.php, line 120
Cake\Routing\Dispatcher::dispatch() - CORE\src\Routing\Dispatcher.php, line 87
[main] - ROOT\webroot\index.php, line 37



2015-11-07 04:47:46 Notice: Deprecated (16384): Property $layout is deprecated. Use $this->viewBuilder()->layout() instead in beforeRender(). in [C:\xampp\htdocs\assignment\vendor\cakephp\cakephp\src\View\ViewVarsTrait.php, line 98]
Trace:
Cake\Error\BaseErrorHandler::handleError() - CORE\src\Error\BaseErrorHandler.php, line 139
Cake\Controller\Controller::createView() - CORE\src\View\ViewVarsTrait.php, line 98
Cake\Controller\Controller::render() - CORE\src\Controller\Controller.php, line 597
Cake\Routing\Dispatcher::_invoke() - CORE\src\Routing\Dispatcher.php, line 120
Cake\Routing\Dispatcher::dispatch() - CORE\src\Routing\Dispatcher.php, line 87
[main] - ROOT\webroot\index.php, line 37



2015-11-07 04:48:45 Notice: Deprecated (16384): Property $layout is deprecated. Use $this->viewBuilder()->layout() instead in beforeRender(). in [C:\xampp\htdocs\assignment\vendor\cakephp\cakephp\src\View\ViewVarsTrait.php, line 98]
Trace:
Cake\Error\BaseErrorHandler::handleError() - CORE\src\Error\BaseErrorHandler.php, line 139
Cake\Controller\Controller::createView() - CORE\src\View\ViewVarsTrait.php, line 98
Cake\Controller\Controller::render() - CORE\src\Controller\Controller.php, line 597
Cake\Routing\Dispatcher::_invoke() - CORE\src\Routing\Dispatcher.php, line 120
Cake\Routing\Dispatcher::dispatch() - CORE\src\Routing\Dispatcher.php, line 87
[main] - ROOT\webroot\index.php, line 37



2015-11-07 04:49:25 Notice: Notice (8): Undefined variable: options in [C:\xampp\htdocs\assignment\src\Template\Orders\add.ctp, line 18]
Trace:
Cake\Error\BaseErrorHandler::handleError() - CORE\src\Error\BaseErrorHandler.php, line 139
include - APP/Template\Orders\add.ctp, line 18
Cake\View\View::_evaluate() - CORE\src\View\View.php, line 972
Cake\View\View::_render() - CORE\src\View\View.php, line 932
Cake\View\View::render() - CORE\src\View\View.php, line 580
Cake\Controller\Controller::render() - CORE\src\Controller\Controller.php, line 598
Cake\Routing\Dispatcher::_invoke() - CORE\src\Routing\Dispatcher.php, line 120
Cake\Routing\Dispatcher::dispatch() - CORE\src\Routing\Dispatcher.php, line 87
[main] - ROOT\webroot\index.php, line 37



2015-11-07 04:49:28 Notice: Deprecated (16384): Property $layout is deprecated. Use $this->viewBuilder()->layout() instead in beforeRender(). in [C:\xampp\htdocs\assignment\vendor\cakephp\cakephp\src\View\ViewVarsTrait.php, line 98]
Trace:
Cake\Error\BaseErrorHandler::handleError() - CORE\src\Error\BaseErrorHandler.php, line 139
Cake\Controller\Controller::createView() - CORE\src\View\ViewVarsTrait.php, line 98
Cake\Controller\Controller::render() - CORE\src\Controller\Controller.php, line 597
Cake\Routing\Dispatcher::_invoke() - CORE\src\Routing\Dispatcher.php, line 120
Cake\Routing\Dispatcher::dispatch() - CORE\src\Routing\Dispatcher.php, line 87
[main] - ROOT\webroot\index.php, line 37



2015-11-07 04:50:02 Notice: Deprecated (16384): Property $layout is deprecated. Use $this->viewBuilder()->layout() instead in beforeRender(). in [C:\xampp\htdocs\assignment\vendor\cakephp\cakephp\src\View\ViewVarsTrait.php, line 98]
Trace:
Cake\Error\BaseErrorHandler::handleError() - CORE\src\Error\BaseErrorHandler.php, line 139
Cake\Controller\Controller::createView() - CORE\src\View\ViewVarsTrait.php, line 98
Cake\Controller\Controller::render() - CORE\src\Controller\Controller.php, line 597
Cake\Routing\Dispatcher::_invoke() - CORE\src\Routing\Dispatcher.php, line 120
Cake\Routing\Dispatcher::dispatch() - CORE\src\Routing\Dispatcher.php, line 87
[main] - ROOT\webroot\index.php, line 37



2015-11-07 04:52:56 Notice: Deprecated (16384): Property $layout is deprecated. Use $this->viewBuilder()->layout() instead in beforeRender(). in [C:\xampp\htdocs\assignment\vendor\cakephp\cakephp\src\View\ViewVarsTrait.php, line 98]
Trace:
Cake\Error\BaseErrorHandler::handleError() - CORE\src\Error\BaseErrorHandler.php, line 139
Cake\Controller\Controller::createView() - CORE\src\View\ViewVarsTrait.php, line 98
Cake\Controller\Controller::render() - CORE\src\Controller\Controller.php, line 597
Cake\Routing\Dispatcher::_invoke() - CORE\src\Routing\Dispatcher.php, line 120
Cake\Routing\Dispatcher::dispatch() - CORE\src\Routing\Dispatcher.php, line 87
[main] - ROOT\webroot\index.php, line 37



2015-11-07 04:53:51 Notice: Deprecated (16384): Property $layout is deprecated. Use $this->viewBuilder()->layout() instead in beforeRender(). in [C:\xampp\htdocs\assignment\vendor\cakephp\cakephp\src\View\ViewVarsTrait.php, line 98]
Trace:
Cake\Error\BaseErrorHandler::handleError() - CORE\src\Error\BaseErrorHandler.php, line 139
Cake\Controller\Controller::createView() - CORE\src\View\ViewVarsTrait.php, line 98
Cake\Controller\Controller::render() - CORE\src\Controller\Controller.php, line 597
Cake\Routing\Dispatcher::_invoke() - CORE\src\Routing\Dispatcher.php, line 120
Cake\Routing\Dispatcher::dispatch() - CORE\src\Routing\Dispatcher.php, line 87
[main] - ROOT\webroot\index.php, line 37



2015-11-07 04:54:08 Notice: Deprecated (16384): Property $layout is deprecated. Use $this->viewBuilder()->layout() instead in beforeRender(). in [C:\xampp\htdocs\assignment\vendor\cakephp\cakephp\src\View\ViewVarsTrait.php, line 98]
Trace:
Cake\Error\BaseErrorHandler::handleError() - CORE\src\Error\BaseErrorHandler.php, line 139
Cake\Controller\Controller::createView() - CORE\src\View\ViewVarsTrait.php, line 98
Cake\Controller\Controller::render() - CORE\src\Controller\Controller.php, line 597
Cake\Routing\Dispatcher::_invoke() - CORE\src\Routing\Dispatcher.php, line 120
Cake\Routing\Dispatcher::dispatch() - CORE\src\Routing\Dispatcher.php, line 87
[main] - ROOT\webroot\index.php, line 37



2015-11-07 04:54:17 Notice: Deprecated (16384): Property $layout is deprecated. Use $this->viewBuilder()->layout() instead in beforeRender(). in [C:\xampp\htdocs\assignment\vendor\cakephp\cakephp\src\View\ViewVarsTrait.php, line 98]
Trace:
Cake\Error\BaseErrorHandler::handleError() - CORE\src\Error\BaseErrorHandler.php, line 139
Cake\Controller\Controller::createView() - CORE\src\View\ViewVarsTrait.php, line 98
Cake\Controller\Controller::render() - CORE\src\Controller\Controller.php, line 597
Cake\Routing\Dispatcher::_invoke() - CORE\src\Routing\Dispatcher.php, line 120
Cake\Routing\Dispatcher::dispatch() - CORE\src\Routing\Dispatcher.php, line 87
[main] - ROOT\webroot\index.php, line 37



2015-11-07 04:55:03 Notice: Deprecated (16384): Property $layout is deprecated. Use $this->viewBuilder()->layout() instead in beforeRender(). in [C:\xampp\htdocs\assignment\vendor\cakephp\cakephp\src\View\ViewVarsTrait.php, line 98]
Trace:
Cake\Error\BaseErrorHandler::handleError() - CORE\src\Error\BaseErrorHandler.php, line 139
Cake\Controller\Controller::createView() - CORE\src\View\ViewVarsTrait.php, line 98
Cake\Controller\Controller::render() - CORE\src\Controller\Controller.php, line 597
Cake\Routing\Dispatcher::_invoke() - CORE\src\Routing\Dispatcher.php, line 120
Cake\Routing\Dispatcher::dispatch() - CORE\src\Routing\Dispatcher.php, line 87
[main] - ROOT\webroot\index.php, line 37



2015-11-07 04:59:24 Notice: Deprecated (16384): Property $layout is deprecated. Use $this->viewBuilder()->layout() instead in beforeRender(). in [C:\xampp\htdocs\assignment\vendor\cakephp\cakephp\src\View\ViewVarsTrait.php, line 98]
Trace:
Cake\Error\BaseErrorHandler::handleError() - CORE\src\Error\BaseErrorHandler.php, line 139
Cake\Controller\Controller::createView() - CORE\src\View\ViewVarsTrait.php, line 98
Cake\Controller\Controller::render() - CORE\src\Controller\Controller.php, line 597
Cake\Routing\Dispatcher::_invoke() - CORE\src\Routing\Dispatcher.php, line 120
Cake\Routing\Dispatcher::dispatch() - CORE\src\Routing\Dispatcher.php, line 87
[main] - ROOT\webroot\index.php, line 37



2015-11-07 04:59:50 Notice: Deprecated (16384): Property $layout is deprecated. Use $this->viewBuilder()->layout() instead in beforeRender(). in [C:\xampp\htdocs\assignment\vendor\cakephp\cakephp\src\View\ViewVarsTrait.php, line 98]
Trace:
Cake\Error\BaseErrorHandler::handleError() - CORE\src\Error\BaseErrorHandler.php, line 139
Cake\Controller\Controller::createView() - CORE\src\View\ViewVarsTrait.php, line 98
Cake\Controller\Controller::render() - CORE\src\Controller\Controller.php, line 597
Cake\Routing\Dispatcher::_invoke() - CORE\src\Routing\Dispatcher.php, line 120
Cake\Routing\Dispatcher::dispatch() - CORE\src\Routing\Dispatcher.php, line 87
[main] - ROOT\webroot\index.php, line 37



